<?xml version="1.0" encoding="utf-8"?><testsuites><testsuite name="pytest" errors="0" failures="0" skipped="0" tests="4" time="0.374" timestamp="2023-03-15T23:04:21.823061" hostname="Adams-MBP.lan"><testcase classname="tests.test_chat_utils.TestEncryption" name="test_count_all_tokens" time="0.004" /><testcase classname="tests.test_chat_utils.TestEncryption" name="test_exceeding_token_limit" time="0.000" /><testcase classname="tests.test_chat_utils.TestEncryption" name="test_reduce_tokens" time="0.005" /><testcase classname="tests.test_chat_utils.TestEncryption" name="test_validate_token_limit" time="0.001" /></testsuite></testsuites>